2021-05-17 23:53:54,893 ERROR: Something went wrong: ('Connection broken: IncompleteRead(0 bytes read)', IncompleteRead(0 bytes read)); reconnecting in 10 seconds...
2021-05-17 23:54:04,904 INFO: Getting game stream...
2021-05-17 23:54:04,905 INFO: Connecting to 192.168.0.23:42069...
2021-05-17 23:54:04,906 INFO: Connected
2021-05-18 01:08:16,392 ERROR: Something went wrong: ('Connection broken: IncompleteRead(0 bytes read)', IncompleteRead(0 bytes read)); reconnecting in 10 seconds...
2021-05-18 01:08:26,404 INFO: Getting game stream...
2021-05-18 01:08:26,404 INFO: Connecting to 192.168.0.23:42069...
2021-05-18 01:08:26,406 INFO: Connected
2021-05-18 01:54:59,926 WARNING: Command failed, server response: b'Unable to send i2c data'
2021-05-18 01:54:59,929 WARNING: Command failed, server response: b'Unable to send i2c data'
2021-05-18 02:05:57,958 WARNING: Command failed, server response: b'Unable to send i2c data'
2021-05-18 09:30:40,815 WARNING: Command failed, server response: b'Unable to send i2c data'
2021-05-18 09:30:40,820 WARNING: Command failed, server response: b'Unable to send i2c data'
2021-05-18 10:18:17,224 WARNING: Command failed, server response: b'Unable to send i2c data'
2021-05-18 10:18:17,228 WARNING: Command failed, server response: b'Unable to send i2c data'
2021-05-18 10:37:42,181 WARNING: Command failed, server response: b'Unable to send i2c data'
2021-05-18 10:37:42,184 WARNING: Command failed, server response: b'Unable to send i2c data'
2021-05-18 10:37:42,187 WARNING: Command failed, server response: b'Unable to send i2c data'
2021-05-18 10:37:42,906 WARNING: Command failed, server response: b'Unable to send i2c data'
2021-05-18 10:37:42,912 WARNING: Command failed, server response: b'Unable to send i2c data'
2021-05-18 10:37:42,914 WARNING: Command failed, server response: b'Unable to send i2c data'
2021-05-18 11:17:28,654 WARNING: Command failed, server response: b'Unable to send i2c data'
2021-05-18 11:17:34,654 WARNING: Command failed, server response: b'Unable to send i2c data'
2021-05-18 11:17:34,663 WARNING: Command failed, server response: b'Unable to send i2c data'
2021-05-18 11:17:34,666 WARNING: Command failed, server response: b'Unable to send i2c data'
2021-05-18 11:22:10,005 WARNING: Command failed, server response: b'Unable to send i2c data'
2021-05-18 11:22:47,015 WARNING: Command failed, server response: b'Unable to send i2c data'
2021-05-18 11:22:47,020 WARNING: Command failed, server response: b'Unable to send i2c data'
2021-05-18 11:22:47,023 WARNING: Command failed, server response: b'Unable to send i2c data'
2021-05-18 11:22:47,028 WARNING: Command failed, server response: b'Unable to send i2c data'
2021-05-19 20:42:33,486 INFO: Getting game stream...
2021-05-19 20:42:33,488 INFO: Connecting to 192.168.1.133:42069...
2021-05-19 20:42:33,490 ERROR: Something went wrong: [Errno 111] Connection refused; reconnecting in 10 seconds...
2021-05-19 20:42:45,256 INFO: Getting game stream...
2021-05-19 20:42:45,257 INFO: Connecting to 192.168.1.133:42069...
2021-05-19 20:42:45,259 ERROR: Something went wrong: [Errno 111] Connection refused; reconnecting in 10 seconds...
2021-05-19 20:42:55,264 INFO: Getting game stream...
2021-05-19 20:42:55,265 INFO: Connecting to 192.168.1.133:42069...
2021-05-19 20:42:55,267 INFO: Connected
2021-05-19 20:42:56,024 WARNING: Command failed, server response: b'Unable to send i2c data'
2021-05-19 20:42:56,028 WARNING: Command failed, server response: b'Unable to send i2c data'
2021-05-19 20:42:56,044 WARNING: Command failed, server response: b'Unable to send i2c data'
2021-05-19 20:42:56,048 WARNING: Command failed, server response: b'Unable to send i2c data'
2021-05-19 20:42:56,052 WARNING: Command failed, server response: b'Unable to send i2c data'
2021-05-19 20:42:56,056 WARNING: Command failed, server response: b'Unable to send i2c data'
2021-05-19 20:42:56,061 WARNING: Command failed, server response: b'Unable to send i2c data'
2021-05-19 20:42:56,065 WARNING: Command failed, server response: b'Unable to send i2c data'
2021-05-19 20:42:56,069 WARNING: Command failed, server response: b'Unable to send i2c data'
2021-05-19 20:42:56,074 WARNING: Command failed, server response: b'Unable to send i2c data'
2021-05-19 20:42:56,078 WARNING: Command failed, server response: b'Unable to send i2c data'
2021-05-19 20:42:56,083 WARNING: Command failed, server response: b'Unable to send i2c data'
2021-05-19 20:42:58,428 WARNING: Command failed, server response: b'Unable to send i2c data'
2021-05-19 20:42:58,432 WARNING: Command failed, server response: b'Unable to send i2c data'
2021-05-19 20:42:58,437 WARNING: Command failed, server response: b'Unable to send i2c data'
2021-05-19 20:42:59,328 WARNING: Command failed, server response: b'Unable to send i2c data'
2021-05-19 20:42:59,346 WARNING: Command failed, server response: b'Unable to send i2c data'
2021-05-19 20:42:59,355 WARNING: Command failed, server response: b'Unable to send i2c data'
2021-05-19 20:43:01,349 WARNING: Command failed, server response: b'Unable to send i2c data'
2021-05-19 20:43:01,354 WARNING: Command failed, server response: b'Unable to send i2c data'
2021-05-19 20:43:01,358 WARNING: Command failed, server response: b'Unable to send i2c data'
2021-05-19 20:43:02,215 WARNING: Command failed, server response: b'Unable to send i2c data'
2021-05-19 20:43:02,223 WARNING: Command failed, server response: b'Unable to send i2c data'
2021-05-19 20:43:02,233 WARNING: Command failed, server response: b'Unable to send i2c data'
2021-05-19 20:43:04,164 WARNING: Command failed, server response: b'Unable to send i2c data'
2021-05-19 20:43:04,168 WARNING: Command failed, server response: b'Unable to send i2c data'
2021-05-19 20:43:04,172 WARNING: Command failed, server response: b'Unable to send i2c data'
2021-05-19 20:43:05,700 WARNING: Command failed, server response: b'Unable to send i2c data'
2021-05-19 20:43:05,703 WARNING: Command failed, server response: b'Unable to send i2c data'
2021-05-19 20:43:05,707 WARNING: Command failed, server response: b'Unable to send i2c data'
2021-05-19 20:43:06,918 WARNING: Command failed, server response: b'Unable to send i2c data'
2021-05-19 20:43:06,922 WARNING: Command failed, server response: b'Unable to send i2c data'
2021-05-19 20:43:06,925 WARNING: Command failed, server response: b'Unable to send i2c data'
2021-05-19 20:43:08,726 WARNING: Command failed, server response: b'Unable to send i2c data'
2021-05-19 20:43:08,740 WARNING: Command failed, server response: b'Unable to send i2c data'
2021-05-19 20:43:08,744 WARNING: Command failed, server response: b'Unable to send i2c data'
2021-05-19 20:43:10,808 WARNING: Command failed, server response: b'Unable to send i2c data'
2021-05-19 20:43:10,811 WARNING: Command failed, server response: b'Unable to send i2c data'
2021-05-19 20:43:10,815 WARNING: Command failed, server response: b'Unable to send i2c data'
2021-05-19 20:43:11,515 WARNING: Command failed, server response: b'Unable to send i2c data'
2021-05-19 20:43:11,519 WARNING: Command failed, server response: b'Unable to send i2c data'
2021-05-19 20:43:11,523 WARNING: Command failed, server response: b'Unable to send i2c data'
2021-05-19 20:43:12,393 WARNING: Command failed, server response: b'Unable to send i2c data'
2021-05-19 20:43:12,398 WARNING: Command failed, server response: b'Unable to send i2c data'
2021-05-19 20:43:12,403 WARNING: Command failed, server response: b'Unable to send i2c data'
2021-05-19 20:43:13,419 WARNING: Command failed, server response: b'Unable to send i2c data'
2021-05-19 20:43:13,423 WARNING: Command failed, server response: b'Unable to send i2c data'
2021-05-19 20:43:13,427 WARNING: Command failed, server response: b'Unable to send i2c data'
2021-05-19 20:43:14,413 WARNING: Command failed, server response: b'Unable to send i2c data'
2021-05-19 20:43:14,417 WARNING: Command failed, server response: b'Unable to send i2c data'
2021-05-19 20:43:14,423 WARNING: Command failed, server response: b'Unable to send i2c data'
2021-05-19 20:43:17,884 WARNING: Command failed, server response: b'Unable to send i2c data'
2021-05-19 20:43:17,888 WARNING: Command failed, server response: b'Unable to send i2c data'
2021-05-19 20:43:17,892 WARNING: Command failed, server response: b'Unable to send i2c data'
2021-05-19 20:43:18,773 WARNING: Command failed, server response: b'Unable to send i2c data'
2021-05-19 20:43:18,777 WARNING: Command failed, server response: b'Unable to send i2c data'
2021-05-19 20:43:18,781 WARNING: Command failed, server response: b'Unable to send i2c data'
2021-05-19 20:43:26,150 WARNING: Command failed, server response: b''
2021-05-19 20:43:26,152 ERROR: Something went wrong: [Errno 32] Broken pipe; reconnecting in 10 seconds...
2021-05-19 20:58:16,837 INFO: Getting game stream...
2021-05-19 20:58:16,839 INFO: Connecting to 192.168.1.133:42069...
2021-05-19 20:58:16,840 INFO: Connected
2021-05-19 21:15:00,423 WARNING: Command failed, server response: b'Unable to send i2c data'
2021-05-19 21:15:00,425 WARNING: Command failed, server response: b'Unable to send i2c data'
2021-05-19 23:04:04,770 WARNING: Command failed, server response: b'Unable to send i2c data'
2021-05-19 23:04:04,773 WARNING: Command failed, server response: b'Unable to send i2c data'
2021-05-19 23:04:04,775 WARNING: Command failed, server response: b'Unable to send i2c data'
2021-05-19 23:04:06,127 WARNING: Command failed, server response: b'Unable to send i2c data'
2021-05-19 23:04:06,130 WARNING: Command failed, server response: b'Unable to send i2c data'
2021-05-19 23:04:06,132 WARNING: Command failed, server response: b'Unable to send i2c data'
2021-05-19 23:04:07,731 WARNING: Command failed, server response: b'Unable to send i2c data'
2021-05-19 23:04:07,733 WARNING: Command failed, server response: b'Unable to send i2c data'
2021-05-19 23:04:07,736 WARNING: Command failed, server response: b'Unable to send i2c data'
2021-05-19 23:04:08,745 WARNING: Command failed, server response: b'Unable to send i2c data'
2021-05-19 23:04:08,748 WARNING: Command failed, server response: b'Unable to send i2c data'
2021-05-19 23:04:08,750 WARNING: Command failed, server response: b'Unable to send i2c data'
2021-05-19 23:04:10,023 WARNING: Command failed, server response: b'Unable to send i2c data'
2021-05-19 23:04:10,039 WARNING: Command failed, server response: b'Unable to send i2c data'
2021-05-19 23:04:10,041 WARNING: Command failed, server response: b'Unable to send i2c data'
2021-05-19 23:04:12,010 WARNING: Command failed, server response: b'Unable to send i2c data'
2021-05-19 23:04:12,014 WARNING: Command failed, server response: b'Unable to send i2c data'
2021-05-19 23:04:12,016 WARNING: Command failed, server response: b'Unable to send i2c data'
2021-05-19 23:04:12,249 WARNING: Command failed, server response: b'Unable to send i2c data'
2021-05-19 23:04:12,252 WARNING: Command failed, server response: b'Unable to send i2c data'
2021-05-19 23:04:12,254 WARNING: Command failed, server response: b'Unable to send i2c data'
2021-05-19 23:04:13,250 WARNING: Command failed, server response: b'Unable to send i2c data'
2021-05-19 23:04:13,253 WARNING: Command failed, server response: b'Unable to send i2c data'
2021-05-19 23:04:13,255 WARNING: Command failed, server response: b'Unable to send i2c data'
2021-05-19 23:04:13,392 WARNING: Command failed, server response: b'Unable to send i2c data'
2021-05-19 23:04:13,394 WARNING: Command failed, server response: b'Unable to send i2c data'
2021-05-19 23:04:13,398 WARNING: Command failed, server response: b'Unable to send i2c data'
2021-05-19 23:04:14,949 WARNING: Command failed, server response: b'Unable to send i2c data'
2021-05-19 23:04:14,951 WARNING: Command failed, server response: b'Unable to send i2c data'
2021-05-19 23:04:14,955 WARNING: Command failed, server response: b'Unable to send i2c data'
2021-05-19 23:04:17,200 WARNING: Command failed, server response: b'Unable to send i2c data'
2021-05-19 23:04:17,203 WARNING: Command failed, server response: b'Unable to send i2c data'
2021-05-19 23:04:17,205 WARNING: Command failed, server response: b'Unable to send i2c data'
2021-05-19 23:04:18,882 WARNING: Command failed, server response: b'Unable to send i2c data'
2021-05-19 23:04:18,885 WARNING: Command failed, server response: b'Unable to send i2c data'
2021-05-19 23:04:18,887 WARNING: Command failed, server response: b'Unable to send i2c data'
2021-05-19 23:04:19,012 WARNING: Command failed, server response: b'Unable to send i2c data'
2021-05-19 23:04:19,015 WARNING: Command failed, server response: b'Unable to send i2c data'
2021-05-19 23:04:19,018 WARNING: Command failed, server response: b'Unable to send i2c data'
2021-05-19 23:04:21,364 WARNING: Command failed, server response: b'Unable to send i2c data'
2021-05-19 23:04:21,367 WARNING: Command failed, server response: b'Unable to send i2c data'
2021-05-19 23:04:21,370 WARNING: Command failed, server response: b'Unable to send i2c data'
2021-05-19 23:04:21,494 WARNING: Command failed, server response: b'Unable to send i2c data'
2021-05-19 23:04:21,497 WARNING: Command failed, server response: b'Unable to send i2c data'
2021-05-19 23:04:21,501 WARNING: Command failed, server response: b'Unable to send i2c data'
2021-05-19 23:04:22,154 WARNING: Command failed, server response: b'Unable to send i2c data'
2021-05-19 23:04:22,156 WARNING: Command failed, server response: b'Unable to send i2c data'
2021-05-19 23:04:22,159 WARNING: Command failed, server response: b'Unable to send i2c data'
2021-05-19 23:04:23,034 WARNING: Command failed, server response: b'Unable to send i2c data'
2021-05-19 23:04:23,044 WARNING: Command failed, server response: b'Unable to send i2c data'
2021-05-19 23:04:23,048 WARNING: Command failed, server response: b'Unable to send i2c data'
2021-05-19 23:04:24,627 WARNING: Command failed, server response: b'Unable to send i2c data'
2021-05-19 23:04:24,629 WARNING: Command failed, server response: b'Unable to send i2c data'
2021-05-19 23:04:24,632 WARNING: Command failed, server response: b'Unable to send i2c data'
2021-05-19 23:04:26,372 WARNING: Command failed, server response: b'Unable to send i2c data'
2021-05-19 23:04:26,375 WARNING: Command failed, server response: b'Unable to send i2c data'
2021-05-19 23:04:26,377 WARNING: Command failed, server response: b'Unable to send i2c data'
2021-05-19 23:04:27,662 WARNING: Command failed, server response: b'Unable to send i2c data'
2021-05-19 23:04:27,665 WARNING: Command failed, server response: b'Unable to send i2c data'
2021-05-19 23:04:27,668 WARNING: Command failed, server response: b'Unable to send i2c data'
2021-05-19 23:04:29,527 WARNING: Command failed, server response: b'Unable to send i2c data'
2021-05-19 23:04:29,529 WARNING: Command failed, server response: b'Unable to send i2c data'
2021-05-19 23:04:29,532 WARNING: Command failed, server response: b'Unable to send i2c data'
2021-05-19 23:04:29,993 WARNING: Command failed, server response: b'Unable to send i2c data'
2021-05-19 23:04:29,996 WARNING: Command failed, server response: b'Unable to send i2c data'
2021-05-19 23:04:29,999 WARNING: Command failed, server response: b'Unable to send i2c data'
