2021-05-17 23:53:54,893 WARNING: Failed to parse received input: Expecting value: line 1 column 1 (char 0)
2021-05-17 23:53:54,894 WARNING: Received input: 
2021-05-17 23:53:54,895 WARNING: Failed to parse received input: Expecting value: line 1 column 1 (char 0)
2021-05-17 23:53:54,896 WARNING: Received input: 
2021-05-17 23:53:54,896 ERROR: Something went wrong: [Errno 32] Broken pipe; terminating connection to 192.168.0.23:34880
2021-05-17 23:54:04,906 INFO: Connected by 192.168.0.23:34968
2021-05-18 01:08:16,394 WARNING: Failed to parse received input: Expecting value: line 1 column 1 (char 0)
2021-05-18 01:08:16,394 WARNING: Received input: 
2021-05-18 01:08:16,396 WARNING: Failed to parse received input: Expecting value: line 1 column 1 (char 0)
2021-05-18 01:08:16,397 WARNING: Received input: 
2021-05-18 01:08:16,397 ERROR: Something went wrong: [Errno 32] Broken pipe; terminating connection to 192.168.0.23:34968
2021-05-18 01:08:26,406 INFO: Connected by 192.168.0.23:34984
2021-05-18 01:54:59,925 ERROR: Failed to send i2c data: [Errno 121] Remote I/O error
2021-05-18 01:54:59,928 ERROR: Failed to send i2c data: [Errno 121] Remote I/O error
2021-05-18 02:05:57,957 ERROR: Failed to send i2c data: [Errno 121] Remote I/O error
2021-05-18 09:30:40,814 ERROR: Failed to send i2c data: [Errno 121] Remote I/O error
2021-05-18 09:30:40,819 ERROR: Failed to send i2c data: [Errno 121] Remote I/O error
2021-05-18 10:18:17,223 ERROR: Failed to send i2c data: [Errno 121] Remote I/O error
2021-05-18 10:18:17,226 ERROR: Failed to send i2c data: [Errno 121] Remote I/O error
2021-05-18 10:37:42,178 ERROR: Failed to send i2c data: [Errno 121] Remote I/O error
2021-05-18 10:37:42,183 ERROR: Failed to send i2c data: [Errno 121] Remote I/O error
2021-05-18 10:37:42,186 ERROR: Failed to send i2c data: [Errno 121] Remote I/O error
2021-05-18 10:37:42,905 ERROR: Failed to send i2c data: [Errno 121] Remote I/O error
2021-05-18 10:37:42,911 ERROR: Failed to send i2c data: [Errno 121] Remote I/O error
2021-05-18 10:37:42,913 ERROR: Failed to send i2c data: [Errno 121] Remote I/O error
2021-05-18 11:17:28,641 ERROR: Failed to send i2c data: [Errno 121] Remote I/O error
2021-05-18 11:17:34,653 ERROR: Failed to send i2c data: [Errno 121] Remote I/O error
2021-05-18 11:17:34,662 ERROR: Failed to send i2c data: [Errno 121] Remote I/O error
2021-05-18 11:17:34,665 ERROR: Failed to send i2c data: [Errno 121] Remote I/O error
2021-05-18 11:22:10,004 ERROR: Failed to send i2c data: [Errno 121] Remote I/O error
2021-05-18 11:22:47,014 ERROR: Failed to send i2c data: [Errno 121] Remote I/O error
2021-05-18 11:22:47,019 ERROR: Failed to send i2c data: [Errno 121] Remote I/O error
2021-05-18 11:22:47,022 ERROR: Failed to send i2c data: [Errno 121] Remote I/O error
2021-05-18 11:22:47,027 ERROR: Failed to send i2c data: [Errno 121] Remote I/O error
2021-05-19 20:42:48,873 INFO: Socket listening on 192.168.1.133:42069
2021-05-19 20:42:49,346 INFO: Waiting for connections...
2021-05-19 20:42:55,268 INFO: Connected by 192.168.1.133:42394
2021-05-19 20:42:56,022 ERROR: Failed to send i2c data: [Errno 121] Remote I/O error
2021-05-19 20:42:56,026 ERROR: Failed to send i2c data: [Errno 121] Remote I/O error
2021-05-19 20:42:56,043 ERROR: Failed to send i2c data: [Errno 121] Remote I/O error
2021-05-19 20:42:56,046 ERROR: Failed to send i2c data: [Errno 121] Remote I/O error
2021-05-19 20:42:56,050 ERROR: Failed to send i2c data: [Errno 121] Remote I/O error
2021-05-19 20:42:56,055 ERROR: Failed to send i2c data: [Errno 121] Remote I/O error
2021-05-19 20:42:56,060 ERROR: Failed to send i2c data: [Errno 121] Remote I/O error
2021-05-19 20:42:56,064 ERROR: Failed to send i2c data: [Errno 121] Remote I/O error
2021-05-19 20:42:56,067 ERROR: Failed to send i2c data: [Errno 121] Remote I/O error
2021-05-19 20:42:56,073 ERROR: Failed to send i2c data: [Errno 121] Remote I/O error
2021-05-19 20:42:56,076 ERROR: Failed to send i2c data: [Errno 121] Remote I/O error
2021-05-19 20:42:56,081 ERROR: Failed to send i2c data: [Errno 121] Remote I/O error
2021-05-19 20:42:58,426 ERROR: Failed to send i2c data: [Errno 121] Remote I/O error
2021-05-19 20:42:58,430 ERROR: Failed to send i2c data: [Errno 121] Remote I/O error
2021-05-19 20:42:58,435 ERROR: Failed to send i2c data: [Errno 121] Remote I/O error
2021-05-19 20:42:59,326 ERROR: Failed to send i2c data: [Errno 121] Remote I/O error
2021-05-19 20:42:59,344 ERROR: Failed to send i2c data: [Errno 121] Remote I/O error
2021-05-19 20:42:59,353 ERROR: Failed to send i2c data: [Errno 121] Remote I/O error
2021-05-19 20:43:01,348 ERROR: Failed to send i2c data: [Errno 121] Remote I/O error
2021-05-19 20:43:01,352 ERROR: Failed to send i2c data: [Errno 121] Remote I/O error
2021-05-19 20:43:01,356 ERROR: Failed to send i2c data: [Errno 121] Remote I/O error
2021-05-19 20:43:02,214 ERROR: Failed to send i2c data: [Errno 121] Remote I/O error
2021-05-19 20:43:02,220 ERROR: Failed to send i2c data: [Errno 121] Remote I/O error
2021-05-19 20:43:02,231 ERROR: Failed to send i2c data: [Errno 121] Remote I/O error
2021-05-19 20:43:04,163 ERROR: Failed to send i2c data: [Errno 121] Remote I/O error
2021-05-19 20:43:04,167 ERROR: Failed to send i2c data: [Errno 121] Remote I/O error
2021-05-19 20:43:04,171 ERROR: Failed to send i2c data: [Errno 121] Remote I/O error
2021-05-19 20:43:05,698 ERROR: Failed to send i2c data: [Errno 121] Remote I/O error
2021-05-19 20:43:05,702 ERROR: Failed to send i2c data: [Errno 121] Remote I/O error
2021-05-19 20:43:05,706 ERROR: Failed to send i2c data: [Errno 121] Remote I/O error
2021-05-19 20:43:06,916 ERROR: Failed to send i2c data: [Errno 121] Remote I/O error
2021-05-19 20:43:06,920 ERROR: Failed to send i2c data: [Errno 121] Remote I/O error
2021-05-19 20:43:06,924 ERROR: Failed to send i2c data: [Errno 121] Remote I/O error
2021-05-19 20:43:08,724 ERROR: Failed to send i2c data: [Errno 121] Remote I/O error
2021-05-19 20:43:08,739 ERROR: Failed to send i2c data: [Errno 121] Remote I/O error
2021-05-19 20:43:08,742 ERROR: Failed to send i2c data: [Errno 121] Remote I/O error
2021-05-19 20:43:10,807 ERROR: Failed to send i2c data: [Errno 121] Remote I/O error
2021-05-19 20:43:10,810 ERROR: Failed to send i2c data: [Errno 121] Remote I/O error
2021-05-19 20:43:10,814 ERROR: Failed to send i2c data: [Errno 121] Remote I/O error
2021-05-19 20:43:11,512 ERROR: Failed to send i2c data: [Errno 121] Remote I/O error
2021-05-19 20:43:11,518 ERROR: Failed to send i2c data: [Errno 121] Remote I/O error
2021-05-19 20:43:11,522 ERROR: Failed to send i2c data: [Errno 121] Remote I/O error
2021-05-19 20:43:12,391 ERROR: Failed to send i2c data: [Errno 121] Remote I/O error
2021-05-19 20:43:12,396 ERROR: Failed to send i2c data: [Errno 121] Remote I/O error
2021-05-19 20:43:12,401 ERROR: Failed to send i2c data: [Errno 121] Remote I/O error
2021-05-19 20:43:13,417 ERROR: Failed to send i2c data: [Errno 121] Remote I/O error
2021-05-19 20:43:13,422 ERROR: Failed to send i2c data: [Errno 121] Remote I/O error
2021-05-19 20:43:13,426 ERROR: Failed to send i2c data: [Errno 121] Remote I/O error
2021-05-19 20:43:14,402 ERROR: Failed to send i2c data: [Errno 121] Remote I/O error
2021-05-19 20:43:14,416 ERROR: Failed to send i2c data: [Errno 121] Remote I/O error
2021-05-19 20:43:14,421 ERROR: Failed to send i2c data: [Errno 121] Remote I/O error
2021-05-19 20:43:17,883 ERROR: Failed to send i2c data: [Errno 121] Remote I/O error
2021-05-19 20:43:17,887 ERROR: Failed to send i2c data: [Errno 121] Remote I/O error
2021-05-19 20:43:17,891 ERROR: Failed to send i2c data: [Errno 121] Remote I/O error
2021-05-19 20:43:18,772 ERROR: Failed to send i2c data: [Errno 121] Remote I/O error
2021-05-19 20:43:18,776 ERROR: Failed to send i2c data: [Errno 121] Remote I/O error
2021-05-19 20:43:18,780 ERROR: Failed to send i2c data: [Errno 121] Remote I/O error
2021-05-19 20:43:24,057 INFO: Exiting
2021-05-19 20:58:14,764 INFO: Socket listening on 192.168.1.133:42069
2021-05-19 20:58:14,765 INFO: Waiting for connections...
2021-05-19 20:58:16,840 INFO: Connected by 192.168.1.133:55158
2021-05-19 21:15:00,422 ERROR: Failed to send i2c data: [Errno 121] Remote I/O error
2021-05-19 21:15:00,425 ERROR: Failed to send i2c data: [Errno 121] Remote I/O error
2021-05-19 23:02:22,392 INFO: Connected by 192.168.1.132:64307
2021-05-19 23:04:04,769 ERROR: Failed to send i2c data: [Errno 121] Remote I/O error
2021-05-19 23:04:04,772 ERROR: Failed to send i2c data: [Errno 121] Remote I/O error
2021-05-19 23:04:04,774 ERROR: Failed to send i2c data: [Errno 121] Remote I/O error
2021-05-19 23:04:06,126 ERROR: Failed to send i2c data: [Errno 121] Remote I/O error
2021-05-19 23:04:06,129 ERROR: Failed to send i2c data: [Errno 121] Remote I/O error
2021-05-19 23:04:06,131 ERROR: Failed to send i2c data: [Errno 121] Remote I/O error
2021-05-19 23:04:07,730 ERROR: Failed to send i2c data: [Errno 121] Remote I/O error
2021-05-19 23:04:07,732 ERROR: Failed to send i2c data: [Errno 121] Remote I/O error
2021-05-19 23:04:07,735 ERROR: Failed to send i2c data: [Errno 121] Remote I/O error
2021-05-19 23:04:08,744 ERROR: Failed to send i2c data: [Errno 121] Remote I/O error
2021-05-19 23:04:08,747 ERROR: Failed to send i2c data: [Errno 121] Remote I/O error
2021-05-19 23:04:08,749 ERROR: Failed to send i2c data: [Errno 121] Remote I/O error
2021-05-19 23:04:10,022 ERROR: Failed to send i2c data: [Errno 121] Remote I/O error
2021-05-19 23:04:10,038 ERROR: Failed to send i2c data: [Errno 121] Remote I/O error
2021-05-19 23:04:10,040 ERROR: Failed to send i2c data: [Errno 121] Remote I/O error
2021-05-19 23:04:12,009 ERROR: Failed to send i2c data: [Errno 121] Remote I/O error
2021-05-19 23:04:12,013 ERROR: Failed to send i2c data: [Errno 121] Remote I/O error
2021-05-19 23:04:12,015 ERROR: Failed to send i2c data: [Errno 121] Remote I/O error
2021-05-19 23:04:12,248 ERROR: Failed to send i2c data: [Errno 121] Remote I/O error
2021-05-19 23:04:12,251 ERROR: Failed to send i2c data: [Errno 121] Remote I/O error
2021-05-19 23:04:12,253 ERROR: Failed to send i2c data: [Errno 121] Remote I/O error
2021-05-19 23:04:13,249 ERROR: Failed to send i2c data: [Errno 121] Remote I/O error
2021-05-19 23:04:13,252 ERROR: Failed to send i2c data: [Errno 121] Remote I/O error
2021-05-19 23:04:13,254 ERROR: Failed to send i2c data: [Errno 121] Remote I/O error
2021-05-19 23:04:13,391 ERROR: Failed to send i2c data: [Errno 121] Remote I/O error
2021-05-19 23:04:13,393 ERROR: Failed to send i2c data: [Errno 121] Remote I/O error
2021-05-19 23:04:13,397 ERROR: Failed to send i2c data: [Errno 121] Remote I/O error
2021-05-19 23:04:14,948 ERROR: Failed to send i2c data: [Errno 121] Remote I/O error
2021-05-19 23:04:14,950 ERROR: Failed to send i2c data: [Errno 121] Remote I/O error
2021-05-19 23:04:14,954 ERROR: Failed to send i2c data: [Errno 121] Remote I/O error
2021-05-19 23:04:17,199 ERROR: Failed to send i2c data: [Errno 121] Remote I/O error
2021-05-19 23:04:17,202 ERROR: Failed to send i2c data: [Errno 121] Remote I/O error
2021-05-19 23:04:17,204 ERROR: Failed to send i2c data: [Errno 121] Remote I/O error
2021-05-19 23:04:18,881 ERROR: Failed to send i2c data: [Errno 121] Remote I/O error
2021-05-19 23:04:18,884 ERROR: Failed to send i2c data: [Errno 121] Remote I/O error
2021-05-19 23:04:18,886 ERROR: Failed to send i2c data: [Errno 121] Remote I/O error
2021-05-19 23:04:19,011 ERROR: Failed to send i2c data: [Errno 121] Remote I/O error
2021-05-19 23:04:19,014 ERROR: Failed to send i2c data: [Errno 121] Remote I/O error
2021-05-19 23:04:19,017 ERROR: Failed to send i2c data: [Errno 121] Remote I/O error
2021-05-19 23:04:21,363 ERROR: Failed to send i2c data: [Errno 121] Remote I/O error
2021-05-19 23:04:21,366 ERROR: Failed to send i2c data: [Errno 121] Remote I/O error
2021-05-19 23:04:21,369 ERROR: Failed to send i2c data: [Errno 121] Remote I/O error
2021-05-19 23:04:21,493 ERROR: Failed to send i2c data: [Errno 121] Remote I/O error
2021-05-19 23:04:21,496 ERROR: Failed to send i2c data: [Errno 121] Remote I/O error
2021-05-19 23:04:21,500 ERROR: Failed to send i2c data: [Errno 121] Remote I/O error
2021-05-19 23:04:22,152 ERROR: Failed to send i2c data: [Errno 121] Remote I/O error
2021-05-19 23:04:22,155 ERROR: Failed to send i2c data: [Errno 121] Remote I/O error
2021-05-19 23:04:22,158 ERROR: Failed to send i2c data: [Errno 121] Remote I/O error
2021-05-19 23:04:23,032 ERROR: Failed to send i2c data: [Errno 121] Remote I/O error
2021-05-19 23:04:23,043 ERROR: Failed to send i2c data: [Errno 121] Remote I/O error
2021-05-19 23:04:23,047 ERROR: Failed to send i2c data: [Errno 121] Remote I/O error
2021-05-19 23:04:24,626 ERROR: Failed to send i2c data: [Errno 121] Remote I/O error
2021-05-19 23:04:24,629 ERROR: Failed to send i2c data: [Errno 121] Remote I/O error
2021-05-19 23:04:24,631 ERROR: Failed to send i2c data: [Errno 121] Remote I/O error
2021-05-19 23:04:26,371 ERROR: Failed to send i2c data: [Errno 121] Remote I/O error
2021-05-19 23:04:26,374 ERROR: Failed to send i2c data: [Errno 121] Remote I/O error
2021-05-19 23:04:26,376 ERROR: Failed to send i2c data: [Errno 121] Remote I/O error
2021-05-19 23:04:27,661 ERROR: Failed to send i2c data: [Errno 121] Remote I/O error
2021-05-19 23:04:27,664 ERROR: Failed to send i2c data: [Errno 121] Remote I/O error
2021-05-19 23:04:27,667 ERROR: Failed to send i2c data: [Errno 121] Remote I/O error
2021-05-19 23:04:29,525 ERROR: Failed to send i2c data: [Errno 121] Remote I/O error
2021-05-19 23:04:29,528 ERROR: Failed to send i2c data: [Errno 121] Remote I/O error
2021-05-19 23:04:29,531 ERROR: Failed to send i2c data: [Errno 121] Remote I/O error
2021-05-19 23:04:29,992 ERROR: Failed to send i2c data: [Errno 121] Remote I/O error
2021-05-19 23:04:29,995 ERROR: Failed to send i2c data: [Errno 121] Remote I/O error
2021-05-19 23:04:29,998 ERROR: Failed to send i2c data: [Errno 121] Remote I/O error
